Builds/unityLibrary/build/outputs/logs/manifest-merger-debug-report.txt
-- Merging decision tree log ---
manifest
ADDED from src\main\AndroidManifest.xml:2:1-70:12
INJECTED from src\main\AndroidManifest.xml:2:1-70:12
INJECTED from src\main\AndroidManifest.xml:2:1-70:12
INJECTED from src\main\AndroidManifest.xml:2:1-70:12
INJECTED from src\main\AndroidManifest.xml:2:1-70:12
INJECTED from src\main\AndroidManifest.xml:2:1-70:12
INJECTED from src\main\AndroidManifest.xml:2:1-70:12
	package
		ADDED from src\main\AndroidManifest.xml:4:5-33
		INJECTED from src\main\AndroidManifest.xml
		INJECTED from src\main\AndroidManifest.xml
	android:versionName
		INJECTED from src\main\AndroidManifest.xml
		ADDED from src\main\AndroidManifest.xml:2:1-70:12
		INJECTED from src\main\AndroidManifest.xml
	xmlns:tools
		ADDED from src\main\AndroidManifest.xml:3:5-51
	android:versionCode
		INJECTED from src\main\AndroidManifest.xml
		ADDED from src\main\AndroidManifest.xml:2:1-70:12
		INJECTED from src\main\AndroidManifest.xml
	xmlns:android
		ADDED from src\main\AndroidManifest.xml:2:11-69
	android:installLocation
		ADDED from src\main\AndroidManifest.xml:5:5-35
uses-permission#android.permission.RECEIVE_BOOT_COMPLETED
ADDED from src\main\AndroidManifest.xml:7:5-81
	android:name
		ADDED from src\main\AndroidManifest.xml:7:22-78
application
ADDED from src\main\AndroidManifest.xml:9:5-54:19
activity#com.unity3d.player.UnityPlayerActivity
ADDED from src\main\AndroidManifest.xml:10:9-29:20
	android:screenOrientation
		ADDED from src\main\AndroidManifest.xml:16:13-50
	android:launchMode
		ADDED from src\main\AndroidManifest.xml:14:13-44
	android:hardwareAccelerated
		ADDED from src\main\AndroidManifest.xml:13:13-48
	android:resizeableActivity
		ADDED from src\main\AndroidManifest.xml:15:13-47
	android:configChanges
		ADDED from src\main\AndroidManifest.xml:12:13-122
	android:theme
		ADDED from src\main\AndroidManifest.xml:17:13-77
	android:name
		ADDED from src\main\AndroidManifest.xml:11:13-66
intent-filter#action:name:android.intent.action.MAIN+category:name:android.intent.category.LAUNCHER
ADDED from src\main\AndroidManifest.xml:18:13-21:29
action#android.intent.action.MAIN
ADDED from src\main\AndroidManifest.xml:19:17-69
	android:name
		ADDED from src\main\AndroidManifest.xml:19:25-66
category#android.intent.category.LAUNCHER
ADDED from src\main\AndroidManifest.xml:20:17-77
	android:name
		ADDED from src\main\AndroidManifest.xml:20:27-74
meta-data#unityplayer.UnityActivity
ADDED from src\main\AndroidManifest.xml:23:13-25:40
	android:value
		ADDED from src\main\AndroidManifest.xml:25:17-37
	android:name
		ADDED from src\main\AndroidManifest.xml:24:17-57
meta-data#android.notch_support
ADDED from src\main\AndroidManifest.xml:26:13-28:40
	android:value
		ADDED from src\main\AndroidManifest.xml:28:17-37
	android:name
		ADDED from src\main\AndroidManifest.xml:27:17-53
receiver#com.unity3d.player.CustomReceiver
ADDED from src\main\AndroidManifest.xml:31:9-37:20
	android:enabled
		ADDED from src\main\AndroidManifest.xml:31:113-135
	android:exported
		ADDED from src\main\AndroidManifest.xml:31:136-159
	android:permission
		ADDED from src\main\AndroidManifest.xml:31:50-112
	android:name
		ADDED from src\main\AndroidManifest.xml:31:19-49
intent-filter#action:name:android.intent.action.BOOT_COMPLETED+action:name:android.intent.action.QUICKBOOT_POWERON+category:name:android.intent.category.DEFAULT
ADDED from src\main\AndroidManifest.xml:32:13-36:29
action#android.intent.action.BOOT_COMPLETED
ADDED from src\main\AndroidManifest.xml:33:17-79
	android:name
		ADDED from src\main\AndroidManifest.xml:33:25-76
action#android.intent.action.QUICKBOOT_POWERON
ADDED from src\main\AndroidManifest.xml:34:17-82
	android:name
		ADDED from src\main\AndroidManifest.xml:34:25-79
category#android.intent.category.DEFAULT
ADDED from src\main\AndroidManifest.xml:35:17-76
	android:name
		ADDED from src\main\AndroidManifest.xml:35:27-73
meta-data#unity.splash-mode
ADDED from src\main\AndroidManifest.xml:39:9-41:33
	android:value
		ADDED from src\main\AndroidManifest.xml:41:13-30
	android:name
		ADDED from src\main\AndroidManifest.xml:40:13-45
meta-data#unity.splash-enable
ADDED from src\main\AndroidManifest.xml:42:9-44:37
	android:value
		ADDED from src\main\AndroidManifest.xml:44:13-34
	android:name
		ADDED from src\main\AndroidManifest.xml:43:13-47
meta-data#notch.config
ADDED from src\main\AndroidManifest.xml:45:9-47:50
	android:value
		ADDED from src\main\AndroidManifest.xml:47:13-47
	android:name
		ADDED from src\main\AndroidManifest.xml:46:13-40
meta-data#unity.build-id
ADDED from src\main\AndroidManifest.xml:48:9-50:68
	android:value
		ADDED from src\main\AndroidManifest.xml:50:13-65
	android:name
		ADDED from src\main\AndroidManifest.xml:49:13-42
meta-data#com.samsung.android.vr.application.mode
ADDED from src\main\AndroidManifest.xml:51:9-53:39
	android:value
		ADDED from src\main\AndroidManifest.xml:53:13-36
	android:name
		ADDED from src\main\AndroidManifest.xml:52:13-67
uses-feature#0x00030000
ADDED from src\main\AndroidManifest.xml:56:5-54
	android:glEsVersion
		ADDED from src\main\AndroidManifest.xml:56:19-51
uses-feature#android.hardware.touchscreen
ADDED from src\main\AndroidManifest.xml:57:5-59:36
	android:required
		ADDED from src\main\AndroidManifest.xml:59:9-33
	android:name
		ADDED from src\main\AndroidManifest.xml:58:9-52
uses-feature#android.hardware.touchscreen.multitouch
ADDED from src\main\AndroidManifest.xml:60:5-62:36
	android:required
		ADDED from src\main\AndroidManifest.xml:62:9-33
	android:name
		ADDED from src\main\AndroidManifest.xml:61:9-63
uses-feature#android.hardware.touchscreen.multitouch.distinct
ADDED from src\main\AndroidManifest.xml:63:5-65:36
	android:required
		ADDED from src\main\AndroidManifest.xml:65:9-33
	android:name
		ADDED from src\main\AndroidManifest.xml:64:9-72
uses-feature#android.hardware.vr.headtracking
ADDED from src\main\AndroidManifest.xml:66:5-69:31
	android:version
		ADDED from src\main\AndroidManifest.xml:69:9-28
	android:required
		ADDED from src\main\AndroidManifest.xml:68:9-32
	android:name
		ADDED from src\main\AndroidManifest.xml:67:9-56
uses-sdk
INJECTED from src\main\AndroidManifest.xml reason: use-sdk injection requested
INJECTED from src\main\AndroidManifest.xml
INJECTED from src\main\AndroidManifest.xml
INJECTED from src\main\AndroidManifest.xml
INJECTED from src\main\AndroidManifest.xml
	android:targetSdkVersion
		INJECTED from src\main\AndroidManifest.xml
		ADDED from src\main\AndroidManifest.xml
		INJECTED from src\main\AndroidManifest.xml
	android:minSdkVersion
		INJECTED from src\main\AndroidManifest.xml
		ADDED from src\main\AndroidManifest.xml
		INJECTED from src\main\AndroidManifest.xml